Build started 2/15/2016 9:35:23 AM.
     1>Project "G:\Visual Studio 2013\Projects\FullFunction\FullFunction\FullFunction.vcxproj" on node 2 (Build target(s)).
     1>ClCompile:
         C:\Program Files (x86)\Microsoft Visual Studio 12.0\VC\bin\CL.exe /c /ZI /nologo /W3 /WX- /sdl /Od /Oy- /D WIN32 /D _DEBUG /D _CONSOLE /D _LIB /D _UNICODE /D UNICODE /Gm /EHsc /RTC1 /MDd /GS /fp:precise /Zc:wchar_t /Zc:forScope /Fo"Debug\\" /Fd"Debug\vc120.pdb" /Gd /TC /analyze- /errorReport:prompt linking.c main.c
         main.c
     1>g:\visual studio 2013\projects\fullfunction\fullfunction\main.c(6): warning C4101: 'house_cost' : unreferenced local variable
     1>g:\visual studio 2013\projects\fullfunction\fullfunction\main.c(7): warning C4101: 'windows_count' : unreferenced local variable
     1>g:\visual studio 2013\projects\fullfunction\fullfunction\main.c(6): warning C4101: 'window_sell' : unreferenced local variable
     1>g:\visual studio 2013\projects\fullfunction\fullfunction\main.c(7): warning C4101: 'no_of_windows' : unreferenced local variable
         linking.c
     1>g:\visual studio 2013\projects\fullfunction\fullfunction\linking.c(10): warning C4013: 'printf' undefined; assuming extern returning int
     1>g:\visual studio 2013\projects\fullfunction\fullfunction\linking.c(11): warning C4013: 'scanf' undefined; assuming extern returning int
         Generating Code...
       Link:
         C:\Program Files (x86)\Microsoft Visual Studio 12.0\VC\bin\link.exe /ERRORREPORT:PROMPT /OUT:"G:\Visual Studio 2013\Projects\FullFunction\Debug\FullFunction.exe" /INCREMENTAL /NOLOGO kernel32.lib user32.lib gdi32.lib winspool.lib comdlg32.lib advapi32.lib shell32.lib ole32.lib oleaut32.lib uuid.lib odbc32.lib odbccp32.lib /MANIFEST /MANIFESTUAC:"level='asInvoker' uiAccess='false'" /manifest:embed /DEBUG /PDB:"G:\Visual Studio 2013\Projects\FullFunction\Debug\FullFunction.pdb" /SUBSYSTEM:CONSOLE /TLBID:1 /DYNAMICBASE /NXCOMPAT /IMPLIB:"G:\Visual Studio 2013\Projects\FullFunction\Debug\FullFunction.lib" /MACHINE:X86 Debug\linking.obj
         Debug\main.obj
         FullFunction.vcxproj -> G:\Visual Studio 2013\Projects\FullFunction\Debug\FullFunction.exe
     1>Done Building Project "G:\Visual Studio 2013\Projects\FullFunction\FullFunction\FullFunction.vcxproj" (Build target(s)).

Build succeeded.

Time Elapsed 00:00:04.62
