Build started 10/16/2015 6:50:48 PM.
     1>Project "C:\Users\shrinivass\Documents\Visual Studio 2013\Projects\Dino_2\Dino_2\Dino_2.vcxproj" on node 2 (Build target(s)).
     1>ClCompile:
         C:\Program Files (x86)\Microsoft Visual Studio 12.0\VC\bin\CL.exe /c /IC:\Users\shrinivass\Downloads\OpenGl\freeglut\include /I"C:\Users\shrinivass\Downloads\OpenGl\glew-1.11.0\include" /ZI /nologo /W3 /WX- /sdl /Od /Oy- /D _MBCS /Gm /EHsc /RTC1 /MDd /GS /fp:precise /Zc:wchar_t /Zc:forScope /Fo"Debug\\" /Fd"Debug\vc120.pdb" /Gd /TP /analyze- /errorReport:prompt main.cpp
         main.cpp
     1>c:\users\shrinivass\documents\visual studio 2013\projects\dino_2\dino_2\main.cpp(41): error C2065: 'fstream' : undeclared identifier
     1>c:\users\shrinivass\documents\visual studio 2013\projects\dino_2\dino_2\main.cpp(41): error C2146: syntax error : missing ';' before identifier 'inStream'
     1>c:\users\shrinivass\documents\visual studio 2013\projects\dino_2\dino_2\main.cpp(41): error C2065: 'inStream' : undeclared identifier
     1>c:\users\shrinivass\documents\visual studio 2013\projects\dino_2\dino_2\main.cpp(42): error C2065: 'inStream' : undeclared identifier
     1>c:\users\shrinivass\documents\visual studio 2013\projects\dino_2\dino_2\main.cpp(42): error C2228: left of '.open' must have class/struct/union
                 type is 'unknown-type'
     1>c:\users\shrinivass\documents\visual studio 2013\projects\dino_2\dino_2\main.cpp(42): error C2653: 'ios' : is not a class or namespace name
     1>c:\users\shrinivass\documents\visual studio 2013\projects\dino_2\dino_2\main.cpp(42): error C2065: 'in' : undeclared identifier
     1>c:\users\shrinivass\documents\visual studio 2013\projects\dino_2\dino_2\main.cpp(43): error C2065: 'inStream' : undeclared identifier
     1>c:\users\shrinivass\documents\visual studio 2013\projects\dino_2\dino_2\main.cpp(43): error C2228: left of '.fail' must have class/struct/union
                 type is 'unknown-type'
     1>c:\users\shrinivass\documents\visual studio 2013\projects\dino_2\dino_2\main.cpp(47): error C2065: 'inStream' : undeclared identifier
     1>c:\users\shrinivass\documents\visual studio 2013\projects\dino_2\dino_2\main.cpp(50): error C2065: 'inStream' : undeclared identifier
     1>c:\users\shrinivass\documents\visual studio 2013\projects\dino_2\dino_2\main.cpp(54): error C2065: 'inStream' : undeclared identifier
     1>c:\users\shrinivass\documents\visual studio 2013\projects\dino_2\dino_2\main.cpp(60): error C2065: 'inStream' : undeclared identifier
     1>c:\users\shrinivass\documents\visual studio 2013\projects\dino_2\dino_2\main.cpp(60): error C2228: left of '.close' must have class/struct/union
                 type is 'unknown-type'
     1>Done Building Project "C:\Users\shrinivass\Documents\Visual Studio 2013\Projects\Dino_2\Dino_2\Dino_2.vcxproj" (Build target(s)) -- FAILED.

Build FAILED.

Time Elapsed 00:00:00.89
