Build started 10/28/2015 6:25:31 PM.
     1>Project "C:\Users\shrinivass\Documents\Visual Studio 2013\Projects\tea_midterm\tea_midterm\tea_midterm.vcxproj" on node 2 (Build target(s)).
     1>ClCompile:
         C:\Program Files (x86)\Microsoft Visual Studio 12.0\VC\bin\CL.exe /c /IC:\Users\shrinivass\Downloads\OpenGl\freeglut\include /ZI /nologo /W3 /WX- /sdl /Od /Oy- /D _MBCS /Gm /EHsc /RTC1 /MDd /GS /fp:precise /Zc:wchar_t /Zc:forScope /Fo"Debug\\" /Fd"Debug\vc120.pdb" /Gd /TP /analyze- /errorReport:prompt main.cpp
         main.cpp
     1>c:\users\shrinivass\documents\visual studio 2013\projects\tea_midterm\tea_midterm\main.cpp(15): warning C4305: 'initializing' : truncation from 'double' to 'GLfloat'
     1>c:\users\shrinivass\documents\visual studio 2013\projects\tea_midterm\tea_midterm\main.cpp(16): warning C4305: 'initializing' : truncation from 'double' to 'GLfloat'
     1>c:\users\shrinivass\documents\visual studio 2013\projects\tea_midterm\tea_midterm\main.cpp(20): warning C4305: 'initializing' : truncation from 'double' to 'GLfloat'
     1>c:\users\shrinivass\documents\visual studio 2013\projects\tea_midterm\tea_midterm\main.cpp(68): warning C4244: 'argument' : conversion from 'double' to 'GLfloat', possible loss of data
     1>c:\users\shrinivass\documents\visual studio 2013\projects\tea_midterm\tea_midterm\main.cpp(70): warning C4305: 'argument' : truncation from 'double' to 'GLfloat'
     1>c:\users\shrinivass\documents\visual studio 2013\projects\tea_midterm\tea_midterm\main.cpp(70): warning C4244: 'argument' : conversion from 'int' to 'GLfloat', possible loss of data
     1>c:\users\shrinivass\documents\visual studio 2013\projects\tea_midterm\tea_midterm\main.cpp(92): warning C4305: 'argument' : truncation from 'double' to 'GLfloat'
     1>c:\users\shrinivass\documents\visual studio 2013\projects\tea_midterm\tea_midterm\main.cpp(94): warning C4305: 'argument' : truncation from 'double' to 'GLfloat'
     1>c:\users\shrinivass\documents\visual studio 2013\projects\tea_midterm\tea_midterm\main.cpp(96): warning C4305: 'argument' : truncation from 'double' to 'GLfloat'
     1>c:\users\shrinivass\documents\visual studio 2013\projects\tea_midterm\tea_midterm\main.cpp(98): warning C4305: 'argument' : truncation from 'double' to 'GLfloat'
     1>c:\users\shrinivass\documents\visual studio 2013\projects\tea_midterm\tea_midterm\main.cpp(100): warning C4305: 'argument' : truncation from 'double' to 'GLfloat'
     1>c:\users\shrinivass\documents\visual studio 2013\projects\tea_midterm\tea_midterm\main.cpp(102): warning C4305: 'argument' : truncation from 'double' to 'GLfloat'
     1>c:\users\shrinivass\documents\visual studio 2013\projects\tea_midterm\tea_midterm\main.cpp(104): warning C4305: 'argument' : truncation from 'double' to 'GLfloat'
     1>c:\users\shrinivass\documents\visual studio 2013\projects\tea_midterm\tea_midterm\main.cpp(106): warning C4305: 'argument' : truncation from 'double' to 'GLfloat'
     1>c:\users\shrinivass\documents\visual studio 2013\projects\tea_midterm\tea_midterm\main.cpp(108): warning C4305: 'argument' : truncation from 'double' to 'GLfloat'
     1>c:\users\shrinivass\documents\visual studio 2013\projects\tea_midterm\tea_midterm\main.cpp(110): warning C4305: 'argument' : truncation from 'double' to 'GLfloat'
     1>c:\users\shrinivass\documents\visual studio 2013\projects\tea_midterm\tea_midterm\main.cpp(112): warning C4305: 'argument' : truncation from 'double' to 'GLfloat'
     1>c:\users\shrinivass\documents\visual studio 2013\projects\tea_midterm\tea_midterm\main.cpp(117): warning C4305: 'argument' : truncation from 'double' to 'GLfloat'
     1>c:\users\shrinivass\documents\visual studio 2013\projects\tea_midterm\tea_midterm\main.cpp(120): warning C4305: 'argument' : truncation from 'double' to 'GLfloat'
     1>c:\users\shrinivass\documents\visual studio 2013\projects\tea_midterm\tea_midterm\main.cpp(122): warning C4305: 'argument' : truncation from 'double' to 'GLfloat'
     1>c:\users\shrinivass\documents\visual studio 2013\projects\tea_midterm\tea_midterm\main.cpp(124): warning C4305: 'argument' : truncation from 'double' to 'GLfloat'
     1>c:\users\shrinivass\documents\visual studio 2013\projects\tea_midterm\tea_midterm\main.cpp(127): warning C4305: 'argument' : truncation from 'double' to 'GLfloat'
     1>c:\users\shrinivass\documents\visual studio 2013\projects\tea_midterm\tea_midterm\main.cpp(129): warning C4305: 'argument' : truncation from 'double' to 'GLfloat'
     1>c:\users\shrinivass\documents\visual studio 2013\projects\tea_midterm\tea_midterm\main.cpp(131): warning C4305: 'argument' : truncation from 'double' to 'GLfloat'
     1>c:\users\shrinivass\documents\visual studio 2013\projects\tea_midterm\tea_midterm\main.cpp(134): warning C4305: 'argument' : truncation from 'double' to 'GLfloat'
     1>c:\users\shrinivass\documents\visual studio 2013\projects\tea_midterm\tea_midterm\main.cpp(136): warning C4305: 'argument' : truncation from 'double' to 'GLfloat'
     1>c:\users\shrinivass\documents\visual studio 2013\projects\tea_midterm\tea_midterm\main.cpp(138): warning C4305: 'argument' : truncation from 'double' to 'GLfloat'
     1>c:\users\shrinivass\documents\visual studio 2013\projects\tea_midterm\tea_midterm\main.cpp(140): warning C4305: 'argument' : truncation from 'double' to 'GLfloat'
     1>c:\users\shrinivass\documents\visual studio 2013\projects\tea_midterm\tea_midterm\main.cpp(145): warning C4305: 'argument' : truncation from 'double' to 'GLfloat'
     1>c:\users\shrinivass\documents\visual studio 2013\projects\tea_midterm\tea_midterm\main.cpp(147): warning C4305: 'argument' : truncation from 'double' to 'GLfloat'
     1>c:\users\shrinivass\documents\visual studio 2013\projects\tea_midterm\tea_midterm\main.cpp(149): warning C4305: 'argument' : truncation from 'double' to 'GLfloat'
     1>c:\users\shrinivass\documents\visual studio 2013\projects\tea_midterm\tea_midterm\main.cpp(150): warning C4305: 'argument' : truncation from 'double' to 'GLfloat'
     1>c:\users\shrinivass\documents\visual studio 2013\projects\tea_midterm\tea_midterm\main.cpp(151): warning C4305: 'argument' : truncation from 'double' to 'GLfloat'
     1>c:\users\shrinivass\documents\visual studio 2013\projects\tea_midterm\tea_midterm\main.cpp(153): warning C4305: 'argument' : truncation from 'double' to 'GLfloat'
     1>c:\users\shrinivass\documents\visual studio 2013\projects\tea_midterm\tea_midterm\main.cpp(155): warning C4305: 'argument' : truncation from 'double' to 'GLfloat'
     1>c:\users\shrinivass\documents\visual studio 2013\projects\tea_midterm\tea_midterm\main.cpp(157): warning C4305: 'argument' : truncation from 'double' to 'GLfloat'
     1>c:\users\shrinivass\documents\visual studio 2013\projects\tea_midterm\tea_midterm\main.cpp(159): warning C4305: 'argument' : truncation from 'double' to 'GLfloat'
     1>c:\users\shrinivass\documents\visual studio 2013\projects\tea_midterm\tea_midterm\main.cpp(161): warning C4305: 'argument' : truncation from 'double' to 'GLfloat'
     1>c:\users\shrinivass\documents\visual studio 2013\projects\tea_midterm\tea_midterm\main.cpp(163): warning C4305: 'argument' : truncation from 'double' to 'GLfloat'
     1>c:\users\shrinivass\documents\visual studio 2013\projects\tea_midterm\tea_midterm\main.cpp(168): warning C4305: 'argument' : truncation from 'double' to 'GLfloat'
     1>c:\users\shrinivass\documents\visual studio 2013\projects\tea_midterm\tea_midterm\main.cpp(171): warning C4305: 'argument' : truncation from 'double' to 'GLfloat'
     1>c:\users\shrinivass\documents\visual studio 2013\projects\tea_midterm\tea_midterm\main.cpp(173): warning C4305: 'argument' : truncation from 'double' to 'GLfloat'
     1>c:\users\shrinivass\documents\visual studio 2013\projects\tea_midterm\tea_midterm\main.cpp(175): warning C4305: 'argument' : truncation from 'double' to 'GLfloat'
     1>c:\users\shrinivass\documents\visual studio 2013\projects\tea_midterm\tea_midterm\main.cpp(178): warning C4305: 'argument' : truncation from 'double' to 'GLfloat'
     1>c:\users\shrinivass\documents\visual studio 2013\projects\tea_midterm\tea_midterm\main.cpp(180): warning C4305: 'argument' : truncation from 'double' to 'GLfloat'
     1>c:\users\shrinivass\documents\visual studio 2013\projects\tea_midterm\tea_midterm\main.cpp(182): warning C4305: 'argument' : truncation from 'double' to 'GLfloat'
     1>c:\users\shrinivass\documents\visual studio 2013\projects\tea_midterm\tea_midterm\main.cpp(185): warning C4305: 'argument' : truncation from 'double' to 'GLfloat'
     1>c:\users\shrinivass\documents\visual studio 2013\projects\tea_midterm\tea_midterm\main.cpp(187): warning C4305: 'argument' : truncation from 'double' to 'GLfloat'
     1>c:\users\shrinivass\documents\visual studio 2013\projects\tea_midterm\tea_midterm\main.cpp(189): warning C4305: 'argument' : truncation from 'double' to 'GLfloat'
     1>c:\users\shrinivass\documents\visual studio 2013\projects\tea_midterm\tea_midterm\main.cpp(191): warning C4305: 'argument' : truncation from 'double' to 'GLfloat'
     1>c:\users\shrinivass\documents\visual studio 2013\projects\tea_midterm\tea_midterm\main.cpp(197): warning C4305: 'argument' : truncation from 'double' to 'GLfloat'
     1>c:\users\shrinivass\documents\visual studio 2013\projects\tea_midterm\tea_midterm\main.cpp(198): warning C4305: 'argument' : truncation from 'double' to 'GLfloat'
     1>c:\users\shrinivass\documents\visual studio 2013\projects\tea_midterm\tea_midterm\main.cpp(200): warning C4305: 'argument' : truncation from 'double' to 'GLfloat'
     1>c:\users\shrinivass\documents\visual studio 2013\projects\tea_midterm\tea_midterm\main.cpp(201): warning C4305: 'argument' : truncation from 'double' to 'GLfloat'
     1>c:\users\shrinivass\documents\visual studio 2013\projects\tea_midterm\tea_midterm\main.cpp(203): warning C4305: 'argument' : truncation from 'double' to 'GLfloat'
     1>c:\users\shrinivass\documents\visual studio 2013\projects\tea_midterm\tea_midterm\main.cpp(204): warning C4305: 'argument' : truncation from 'double' to 'GLfloat'
     1>c:\users\shrinivass\documents\visual studio 2013\projects\tea_midterm\tea_midterm\main.cpp(206): warning C4305: 'argument' : truncation from 'double' to 'GLfloat'
     1>c:\users\shrinivass\documents\visual studio 2013\projects\tea_midterm\tea_midterm\main.cpp(207): warning C4305: 'argument' : truncation from 'double' to 'GLfloat'
     1>c:\users\shrinivass\documents\visual studio 2013\projects\tea_midterm\tea_midterm\main.cpp(209): warning C4305: 'argument' : truncation from 'double' to 'GLfloat'
     1>c:\users\shrinivass\documents\visual studio 2013\projects\tea_midterm\tea_midterm\main.cpp(210): warning C4305: 'argument' : truncation from 'double' to 'GLfloat'
     1>c:\users\shrinivass\documents\visual studio 2013\projects\tea_midterm\tea_midterm\main.cpp(211): warning C4305: 'argument' : truncation from 'double' to 'GLfloat'
     1>c:\users\shrinivass\documents\visual studio 2013\projects\tea_midterm\tea_midterm\main.cpp(216): warning C4305: 'argument' : truncation from 'double' to 'GLfloat'
     1>c:\users\shrinivass\documents\visual studio 2013\projects\tea_midterm\tea_midterm\main.cpp(217): warning C4305: 'argument' : truncation from 'double' to 'GLfloat'
     1>c:\users\shrinivass\documents\visual studio 2013\projects\tea_midterm\tea_midterm\main.cpp(219): warning C4305: 'argument' : truncation from 'double' to 'GLfloat'
     1>c:\users\shrinivass\documents\visual studio 2013\projects\tea_midterm\tea_midterm\main.cpp(220): warning C4305: 'argument' : truncation from 'double' to 'GLfloat'
     1>c:\users\shrinivass\documents\visual studio 2013\projects\tea_midterm\tea_midterm\main.cpp(222): warning C4305: 'argument' : truncation from 'double' to 'GLfloat'
     1>c:\users\shrinivass\documents\visual studio 2013\projects\tea_midterm\tea_midterm\main.cpp(223): warning C4305: 'argument' : truncation from 'double' to 'GLfloat'
     1>c:\users\shrinivass\documents\visual studio 2013\projects\tea_midterm\tea_midterm\main.cpp(225): warning C4305: 'argument' : truncation from 'double' to 'GLfloat'
     1>c:\users\shrinivass\documents\visual studio 2013\projects\tea_midterm\tea_midterm\main.cpp(226): warning C4305: 'argument' : truncation from 'double' to 'GLfloat'
     1>c:\users\shrinivass\documents\visual studio 2013\projects\tea_midterm\tea_midterm\main.cpp(228): warning C4305: 'argument' : truncation from 'double' to 'GLfloat'
     1>c:\users\shrinivass\documents\visual studio 2013\projects\tea_midterm\tea_midterm\main.cpp(229): warning C4305: 'argument' : truncation from 'double' to 'GLfloat'
     1>c:\users\shrinivass\documents\visual studio 2013\projects\tea_midterm\tea_midterm\main.cpp(230): warning C4305: 'argument' : truncation from 'double' to 'GLfloat'
     1>c:\users\shrinivass\documents\visual studio 2013\projects\tea_midterm\tea_midterm\main.cpp(234): warning C4305: 'argument' : truncation from 'double' to 'GLfloat'
     1>c:\users\shrinivass\documents\visual studio 2013\projects\tea_midterm\tea_midterm\main.cpp(237): warning C4305: 'argument' : truncation from 'double' to 'GLfloat'
     1>c:\users\shrinivass\documents\visual studio 2013\projects\tea_midterm\tea_midterm\main.cpp(239): warning C4305: 'argument' : truncation from 'double' to 'GLfloat'
     1>c:\users\shrinivass\documents\visual studio 2013\projects\tea_midterm\tea_midterm\main.cpp(241): warning C4305: 'argument' : truncation from 'double' to 'GLfloat'
     1>c:\users\shrinivass\documents\visual studio 2013\projects\tea_midterm\tea_midterm\main.cpp(244): warning C4305: 'argument' : truncation from 'double' to 'GLfloat'
     1>c:\users\shrinivass\documents\visual studio 2013\projects\tea_midterm\tea_midterm\main.cpp(246): warning C4305: 'argument' : truncation from 'double' to 'GLfloat'
     1>c:\users\shrinivass\documents\visual studio 2013\projects\tea_midterm\tea_midterm\main.cpp(248): warning C4305: 'argument' : truncation from 'double' to 'GLfloat'
     1>c:\users\shrinivass\documents\visual studio 2013\projects\tea_midterm\tea_midterm\main.cpp(251): warning C4305: 'argument' : truncation from 'double' to 'GLfloat'
     1>c:\users\shrinivass\documents\visual studio 2013\projects\tea_midterm\tea_midterm\main.cpp(253): warning C4305: 'argument' : truncation from 'double' to 'GLfloat'
     1>c:\users\shrinivass\documents\visual studio 2013\projects\tea_midterm\tea_midterm\main.cpp(255): warning C4305: 'argument' : truncation from 'double' to 'GLfloat'
     1>c:\users\shrinivass\documents\visual studio 2013\projects\tea_midterm\tea_midterm\main.cpp(257): warning C4305: 'argument' : truncation from 'double' to 'GLfloat'
       Link:
         C:\Program Files (x86)\Microsoft Visual Studio 12.0\VC\bin\link.exe /ERRORREPORT:PROMPT /OUT:"C:\Users\shrinivass\Documents\Visual Studio 2013\Projects\tea_midterm\Debug\tea_midterm.exe" /INCREMENTAL /NOLOGO /LIBPATH:C:\Users\shrinivass\Downloads\OpenGl\freeglut\lib /LIBPATH:"C:\Users\shrinivass\Downloads\OpenGl\glew-1.11.0\lib" freeglut.lib glew32.lib kernel32.lib user32.lib gdi32.lib winspool.lib comdlg32.lib advapi32.lib shell32.lib ole32.lib oleaut32.lib uuid.lib odbc32.lib odbccp32.lib /MANIFEST /MANIFESTUAC:"level='asInvoker' uiAccess='false'" /manifest:embed /DEBUG /PDB:"C:\Users\shrinivass\Documents\Visual Studio 2013\Projects\tea_midterm\Debug\tea_midterm.pdb" /TLBID:1 /DYNAMICBASE /NXCOMPAT /IMPLIB:"C:\Users\shrinivass\Documents\Visual Studio 2013\Projects\tea_midterm\Debug\tea_midterm.lib" /MACHINE:X86 Debug\main.obj
         tea_midterm.vcxproj -> C:\Users\shrinivass\Documents\Visual Studio 2013\Projects\tea_midterm\Debug\tea_midterm.exe
     1>Done Building Project "C:\Users\shrinivass\Documents\Visual Studio 2013\Projects\tea_midterm\tea_midterm\tea_midterm.vcxproj" (Build target(s)).

Build succeeded.

Time Elapsed 00:00:01.45
